2025-10-29 13:07:21,756 - INFO - База данных инициализирована
2025-10-29 13:09:11,257 - INFO - Возврат к выбору кладовой для chat_id 1396277372
2025-10-29 13:09:11,777 - INFO - Возврат назад за 0.52 сек
2025-10-29 13:09:12,594 - INFO - Нормализованная кладовая: Гринбокс 11
2025-10-29 13:09:12,595 - INFO - Загрузка предметов для Гринбокс 11 выполнена за 0.00 сек
2025-10-29 13:09:12,715 - INFO - Инвентарь для Гринбокс 11 показан за 0.12 сек
2025-10-29 13:09:12,715 - INFO - Обработка выбора кладовой за 0.13 сек
2025-10-29 13:09:26,163 - INFO - Возврат к выбору кладовой для chat_id 1396277372
2025-10-29 13:09:26,529 - INFO - Возврат назад за 0.37 сек
2025-10-29 13:09:34,387 - INFO - Режим админа активирован для chat_id: 1396277372
2025-10-29 13:09:46,457 - INFO - Переход в выбор кладовой для chat_id 1396277372
2025-10-29 13:09:46,594 - INFO - Обработка кладовой за 0.14 сек
2025-10-29 13:09:47,901 - INFO - Нормализованная кладовая: Гринбокс 11
2025-10-29 13:09:47,901 - INFO - Кэш предметов для Гринбокс 11 использован, время: 0.00 сек
2025-10-29 13:09:48,023 - INFO - Инвентарь для Гринбокс 11 показан за 0.12 сек
2025-10-29 13:09:48,023 - INFO - Обработка выбора кладовой за 0.13 сек
2025-10-29 13:09:51,743 - INFO - Обработка действий в кладовой за 0.08 сек
2025-10-29 13:09:55,114 - INFO - Предмет Скатерти синие , красные салфетки из ткани добавлен за 0.00 сек
2025-10-29 13:09:55,117 - INFO - Предмет Пленка добавлен за 0.00 сек
2025-10-29 13:09:55,123 - INFO - Предмет Белая скатерть добавлен за 0.00 сек
2025-10-29 13:09:55,127 - INFO - Предмет Тазик добавлен за 0.00 сек
2025-10-29 13:09:55,137 - INFO - Предмет Ткани белые тюль белые голубые, березовый оранжева добавлен за 0.00 сек
2025-10-29 13:09:55,149 - INFO - Предмет Лопаты добавлен за 0.00 сек
2025-10-29 13:09:55,153 - INFO - Предмет Решетки для шашлыка добавлен за 0.00 сек
2025-10-29 13:09:55,164 - INFO - Предмет Кубик добавлен за 0.00 сек
2025-10-29 13:09:55,181 - INFO - Предмет Ватман добавлен за 0.00 сек
2025-10-29 13:09:55,206 - INFO - Предмет Два сундука ( внутри канцелярия (краски для лица) добавлен за 0.00 сек
2025-10-29 13:09:55,210 - INFO - Предмет Коробки для от камер добавлен за 0.00 сек
2025-10-29 13:09:55,228 - INFO - Предмет Ящик с лагеря с игрушками добавлен за 0.00 сек
2025-10-29 13:09:55,232 - INFO - Предмет Коляска инвалидная, костыль, добавлен за 0.00 сек
2025-10-29 13:09:55,389 - INFO - Добавление предметов обработано за 0.36 сек
2025-10-29 13:09:59,310 - INFO - Возврат к выбору кладовой для chat_id 1396277372
2025-10-29 13:09:59,444 - INFO - Возврат назад за 0.13 сек
2025-10-29 13:10:00,734 - INFO - Нормализованная кладовая: Гринбокс 11
2025-10-29 13:10:00,734 - INFO - Кэш предметов для Гринбокс 11 использован, время: 0.00 сек
2025-10-29 13:10:00,823 - INFO - Инвентарь для Гринбокс 11 показан за 0.09 сек
2025-10-29 13:10:00,823 - INFO - Обработка выбора кладовой за 0.10 сек
2025-10-29 13:10:11,925 - INFO - База данных инициализирована
2025-10-29 13:10:13,001 - INFO - Возврат к выбору кладовой для chat_id 1396277372
2025-10-29 13:10:13,303 - INFO - Возврат назад за 0.30 сек
2025-10-29 13:10:14,741 - INFO - Нормализованная кладовая: Гринбокс 11
2025-10-29 13:10:14,741 - INFO - Загрузка предметов для Гринбокс 11 выполнена за 0.00 сек
2025-10-29 13:10:14,828 - INFO - Инвентарь для Гринбокс 11 показан за 0.09 сек
2025-10-29 13:10:14,828 - INFO - Обработка выбора кладовой за 0.09 сек
2025-10-29 13:10:20,148 - INFO - Возврат к выбору кладовой для chat_id 1396277372
2025-10-29 13:10:20,235 - INFO - Возврат назад за 0.09 сек
2025-10-29 13:21:43,328 - INFO - База данных инициализирована
2025-10-29 13:23:31,622 - INFO - Возврат в главное меню за 0.68 сек
2025-10-29 13:23:32,638 - INFO - Переход в выбор кладовой для chat_id 1396277372
2025-10-29 13:23:32,980 - INFO - Обработка кладовой за 0.34 сек
2025-10-29 13:23:41,333 - INFO - Администратор nika09794 добавлен
2025-10-29 13:23:43,916 - INFO - Переход в управление админами для chat_id 1396277372
2025-10-29 13:23:44,033 - INFO - Обработка админов за 0.12 сек
2025-10-29 13:23:46,488 - ERROR - Threaded polling exception: A request to the Telegram API was unsuccessful. Error code: 400. Description: Bad Request: can't parse entities: Can't find end of the entity starting at byte offset 72
2025-10-29 13:23:46,492 - ERROR - Exception traceback:
Traceback (most recent call last):
  File "C:\Users\User\AppData\Local\Programs\Python\Python313\Lib\site-packages\telebot\__init__.py", line 1235, in __threaded_polling
    self.worker_pool.raise_exceptions()
    ~~~~~~~~~~~~~~~~~~~~~~~~~~~~~~~~~^^
  File "C:\Users\User\AppData\Local\Programs\Python\Python313\Lib\site-packages\telebot\util.py", line 151, in raise_exceptions
    raise self.exception_info
  File "C:\Users\User\AppData\Local\Programs\Python\Python313\Lib\site-packages\telebot\util.py", line 94, in run
    task(*args, **kwargs)
    ~~~~^^^^^^^^^^^^^^^^^
  File "C:\Users\User\AppData\Local\Programs\Python\Python313\Lib\site-packages\telebot\__init__.py", line 9854, in _run_middlewares_and_handler
    result = handler['function'](message)
  File "c:\Users\User\Desktop\bot2\bot.py", line 1156, in handle_admins_actions
    show_admins_list(chat_id)
    ~~~~~~~~~~~~~~~~^^^^^^^^^
  File "c:\Users\User\Desktop\bot2\bot.py", line 965, in show_admins_list
    bot.send_message(chat_id, text, parse_mode='Markdown', reply_markup=create_admins_keyboard(chat_id))
    ~~~~~~~~~~~~~~~~^^^^^^^^^^^^^^^^^^^^^^^^^^^^^^^^^^^^^^^^^^^^^^^^^^^^^^^^^^^^^^^^^^^^^^^^^^^^^^^^^^^^
  File "C:\Users\User\AppData\Local\Programs\Python\Python313\Lib\site-packages\telebot\__init__.py", line 1800, in send_message
    apihelper.send_message(
    ~~~~~~~~~~~~~~~~~~~~~~^
        self.token, chat_id, text,
        ^^^^^^^^^^^^^^^^^^^^^^^^^^
    ...<2 lines>...
        reply_parameters=reply_parameters, link_preview_options=link_preview_options, business_connection_id=business_connection_id,
        ^^^^^^^^^^^^^^^^^^^^^^^^^^^^^^^^^^^^^^^^^^^^^^^^^^^^^^^^^^^^^^^^^^^^^^^^^^^^^^^^^^^^^^^^^^^^^^^^^^^^^^^^^^^^^^^^^^^^^^^^^^^^
        message_effect_id=message_effect_id, allow_paid_broadcast=allow_paid_broadcast))
        ^^^^^^^^^^^^^^^^^^^^^^^^^^^^^^^^^^^^^^^^^^^^^^^^^^^^^^^^^^^^^^^^^^^^^^^^^^^^^^^
  File "C:\Users\User\AppData\Local\Programs\Python\Python313\Lib\site-packages\telebot\apihelper.py", line 275, in send_message
    return _make_request(token, method_url, params=payload, method='post')
  File "C:\Users\User\AppData\Local\Programs\Python\Python313\Lib\site-packages\telebot\apihelper.py", line 168, in _make_request
    json_result = _check_result(method_name, result)
  File "C:\Users\User\AppData\Local\Programs\Python\Python313\Lib\site-packages\telebot\apihelper.py", line 195, in _check_result
    raise ApiTelegramException(method_name, result, result_json)
telebot.apihelper.ApiTelegramException: A request to the Telegram API was unsuccessful. Error code: 400. Description: Bad Request: can't parse entities: Can't find end of the entity starting at byte offset 72

2025-10-29 13:23:48,032 - INFO - Обработка действий с админами за 0.08 сек
2025-10-29 13:24:49,823 - INFO - Администратор nika09794 добавлен
2025-10-29 13:24:52,295 - INFO - Возврат в главное меню за 0.07 сек
2025-10-29 13:24:58,338 - INFO - База данных инициализирована
2025-10-29 13:25:00,428 - INFO - Получение событий выполнено за 0.00 сек
2025-10-29 13:25:00,862 - INFO - Список событий пуст, время: 0.43 сек
2025-10-29 13:25:00,862 - INFO - Обработка событий за 0.43 сек
2025-10-29 13:25:02,120 - INFO - Возврат в главное меню за 0.10 сек
2025-10-29 13:25:03,149 - INFO - Переход в выбор кладовой для chat_id 1396277372
2025-10-29 13:25:03,454 - INFO - Обработка кладовой за 0.31 сек
2025-10-29 13:25:06,011 - INFO - Возврат в главное меню за 0.10 сек
2025-10-29 13:25:06,765 - INFO - Получение событий выполнено за 0.00 сек
2025-10-29 13:25:06,911 - INFO - Список событий пуст, время: 0.15 сек
2025-10-29 13:25:06,911 - INFO - Обработка событий за 0.15 сек
2025-10-29 13:25:08,977 - INFO - Возврат в главное меню за 0.10 сек
2025-10-29 13:25:19,717 - INFO - Администратор nika09794 добавлен
2025-10-29 13:25:21,140 - INFO - Переход в управление админами для chat_id 1396277372
2025-10-29 13:25:21,248 - INFO - Обработка админов за 0.11 сек
2025-10-29 13:25:25,013 - ERROR - Threaded polling exception: A request to the Telegram API was unsuccessful. Error code: 400. Description: Bad Request: can't parse entities: Can't find end of the entity starting at byte offset 116
2025-10-29 13:25:25,016 - ERROR - Exception traceback:
Traceback (most recent call last):
  File "C:\Users\User\AppData\Local\Programs\Python\Python313\Lib\site-packages\telebot\__init__.py", line 1235, in __threaded_polling
    self.worker_pool.raise_exceptions()
    ~~~~~~~~~~~~~~~~~~~~~~~~~~~~~~~~~^^
  File "C:\Users\User\AppData\Local\Programs\Python\Python313\Lib\site-packages\telebot\util.py", line 151, in raise_exceptions
    raise self.exception_info
  File "C:\Users\User\AppData\Local\Programs\Python\Python313\Lib\site-packages\telebot\util.py", line 94, in run
    task(*args, **kwargs)
    ~~~~^^^^^^^^^^^^^^^^^
  File "C:\Users\User\AppData\Local\Programs\Python\Python313\Lib\site-packages\telebot\__init__.py", line 9854, in _run_middlewares_and_handler
    result = handler['function'](message)
  File "c:\Users\User\Desktop\bot2\bot.py", line 1156, in handle_admins_actions
    show_admins_list(chat_id)
    ~~~~~~~~~~~~~~~~^^^^^^^^^
  File "c:\Users\User\Desktop\bot2\bot.py", line 965, in show_admins_list
    bot.send_message(chat_id, text, parse_mode='Markdown', reply_markup=create_admins_keyboard(chat_id))
    ~~~~~~~~~~~~~~~~^^^^^^^^^^^^^^^^^^^^^^^^^^^^^^^^^^^^^^^^^^^^^^^^^^^^^^^^^^^^^^^^^^^^^^^^^^^^^^^^^^^^
  File "C:\Users\User\AppData\Local\Programs\Python\Python313\Lib\site-packages\telebot\__init__.py", line 1800, in send_message
    apihelper.send_message(
    ~~~~~~~~~~~~~~~~~~~~~~^
        self.token, chat_id, text,
        ^^^^^^^^^^^^^^^^^^^^^^^^^^
    ...<2 lines>...
        reply_parameters=reply_parameters, link_preview_options=link_preview_options, business_connection_id=business_connection_id,
        ^^^^^^^^^^^^^^^^^^^^^^^^^^^^^^^^^^^^^^^^^^^^^^^^^^^^^^^^^^^^^^^^^^^^^^^^^^^^^^^^^^^^^^^^^^^^^^^^^^^^^^^^^^^^^^^^^^^^^^^^^^^^
        message_effect_id=message_effect_id, allow_paid_broadcast=allow_paid_broadcast))
        ^^^^^^^^^^^^^^^^^^^^^^^^^^^^^^^^^^^^^^^^^^^^^^^^^^^^^^^^^^^^^^^^^^^^^^^^^^^^^^^
  File "C:\Users\User\AppData\Local\Programs\Python\Python313\Lib\site-packages\telebot\apihelper.py", line 275, in send_message
    return _make_request(token, method_url, params=payload, method='post')
  File "C:\Users\User\AppData\Local\Programs\Python\Python313\Lib\site-packages\telebot\apihelper.py", line 168, in _make_request
    json_result = _check_result(method_name, result)
  File "C:\Users\User\AppData\Local\Programs\Python\Python313\Lib\site-packages\telebot\apihelper.py", line 195, in _check_result
    raise ApiTelegramException(method_name, result, result_json)
telebot.apihelper.ApiTelegramException: A request to the Telegram API was unsuccessful. Error code: 400. Description: Bad Request: can't parse entities: Can't find end of the entity starting at byte offset 116

2025-10-29 13:33:19,194 - INFO - База данных инициализирована
2025-10-29 13:35:17,522 - INFO - Возврат в главное меню за 0.32 сек
2025-10-29 13:35:21,012 - INFO - Переход в управление админами для chat_id 1396277372
2025-10-29 13:35:21,470 - INFO - Обработка админов за 0.46 сек
2025-10-29 13:35:24,611 - INFO - Обработка действий с админами за 0.08 сек
2025-10-29 13:35:26,308 - INFO - Возврат в главное меню за 0.19 сек
2025-10-29 13:35:34,725 - INFO - База данных инициализирована
2025-10-29 13:35:41,919 - INFO - Команда /start обработана за 0.33 сек
2025-10-29 13:35:43,626 - INFO - Переход в выбор кладовой для chat_id 1396277372
2025-10-29 13:35:43,979 - INFO - Обработка кладовой за 0.35 сек
2025-10-29 13:45:40,129 - INFO - База данных инициализирована
2025-10-29 13:45:40,130 - ERROR - Ошибка загрузки администраторов: no such column: is_main_admin
2025-10-29 13:46:15,151 - INFO - Команда /start обработана за 0.31 сек
2025-10-29 13:46:16,797 - INFO - Переход в выбор кладовой для chat_id 1396277372
2025-10-29 13:46:17,205 - INFO - Обработка кладовой за 0.41 сек
2025-10-29 13:46:18,965 - INFO - Обработка выбора кладовой: message.text='Гринбокс 11', chat_id=1396277372
2025-10-29 13:46:18,965 - INFO - Нормализованная кладовая: Гринбокс 11
2025-10-29 13:46:18,966 - INFO - Загрузка предметов для Гринбокс 11 выполнена за 0.00 сек
2025-10-29 13:46:19,050 - INFO - Инвентарь для Гринбокс 11 показан за 0.09 сек
2025-10-29 13:46:19,051 - INFO - Обработка выбора кладовой за 0.09 сек
2025-10-29 13:46:22,657 - INFO - Возврат к выбору кладовой для chat_id 1396277372
2025-10-29 13:46:22,754 - INFO - Возврат назад за 0.10 сек
2025-10-29 13:59:01,704 - INFO - База данных инициализирована
2025-10-29 13:59:01,705 - ERROR - Ошибка загрузки администраторов: no such column: is_main_admin
2025-10-29 13:59:35,563 - INFO - Команда /start обработана за 0.33 сек
2025-10-29 13:59:36,869 - INFO - Переход в выбор кладовой для chat_id 1396277372
2025-10-29 13:59:36,990 - INFO - Обработка кладовой за 0.12 сек
2025-10-29 13:59:38,358 - INFO - Нормализованная кладовая: Гринбокс 11
2025-10-29 13:59:38,359 - INFO - Загрузка предметов для Гринбокс 11 выполнена за 0.00 сек
2025-10-29 13:59:38,434 - INFO - Инвентарь для Гринбокс 11 показан за 0.08 сек
2025-10-29 13:59:38,435 - INFO - Обработка выбора кладовой за 0.08 сек
2025-10-29 13:59:40,088 - INFO - Возврат к выбору кладовой для chat_id 1396277372
2025-10-29 13:59:40,453 - INFO - Возврат назад за 0.37 сек
2025-10-29 13:59:50,638 - INFO - Возврат в главное меню за 0.06 сек
2025-10-29 13:59:53,181 - INFO - Переход в выбор кладовой для chat_id 1396277372
2025-10-29 13:59:53,312 - INFO - Обработка кладовой за 0.13 сек
2025-10-29 13:59:54,562 - INFO - Возврат в главное меню за 0.08 сек
2025-10-29 13:59:56,798 - INFO - Получение событий выполнена за 0.00 сек
2025-10-29 13:59:56,963 - INFO - Список событий пуст, время: 0.17 сек
2025-10-29 13:59:56,963 - INFO - Обработка событий за 0.17 сек
2025-10-29 14:00:38,760 - INFO - Возврат в главное меню за 0.09 сек
2025-10-29 14:00:50,952 - INFO - Переход в выбор кладовой для chat_id 1396277372
2025-10-29 14:00:51,030 - INFO - Обработка кладовой за 0.08 сек
2025-10-29 14:00:53,135 - INFO - Возврат в главное меню за 0.17 сек
2025-10-29 14:01:06,542 - INFO - Команда /start обработана за 0.07 сек
2025-10-29 14:01:34,640 - INFO - Переход в выбор кладовой для chat_id 1396277372
2025-10-29 14:01:34,709 - INFO - Обработка кладовой за 0.07 сек
2025-10-29 14:01:35,941 - INFO - Возврат в главное меню за 0.08 сек
2025-10-29 14:07:28,938 - INFO - Р‘Р°Р·Р° РґР°РЅРЅС‹С… РёРЅРёС†РёР°Р»РёР·РёСЂРѕРІР°РЅР°
2025-10-29 14:07:28,938 - ERROR - РћС€РёР±РєР° Р·Р°РіСЂСѓР·РєРё Р°РґРјРёРЅРёСЃС‚СЂР°С‚РѕСЂРѕРІ: no such column: is_main_admin
2025-10-29 14:14:02,631 - INFO - Р”РѕР±Р°РІР»РµРЅР° РєРѕР»РѕРЅРєР° is_main_admin РІ С‚Р°Р±Р»РёС†Сѓ admins
2025-10-29 14:14:02,631 - INFO - Р‘Р°Р·Р° РґР°РЅРЅС‹С… РёРЅРёС†РёР°Р»РёР·РёСЂРѕРІР°РЅР°
2025-10-29 14:14:02,631 - INFO - Р—Р°РіСЂСѓР¶РµРЅРѕ 1 Р°РґРјРёРЅРёСЃС‚СЂР°С‚РѕСЂРѕРІ
2025-10-29 14:21:33,805 - INFO - Р‘Р°Р·Р° РґР°РЅРЅС‹С… РёРЅРёС†РёР°Р»РёР·РёСЂРѕРІР°РЅР°
2025-10-29 14:21:33,805 - INFO - Р—Р°РіСЂСѓР¶РµРЅРѕ 1 Р°РґРјРёРЅРёСЃС‚СЂР°С‚РѕСЂРѕРІ
2025-10-29 14:21:57,364 - INFO - РџРѕР»СѓС‡РµРЅРёРµ СЃРѕР±С‹С‚РёР№ РІС‹РїРѕР»РЅРµРЅР° Р·Р° 0.00 СЃРµРє
2025-10-29 14:21:57,859 - INFO - РЎРїРёСЃРѕРє СЃРѕР±С‹С‚РёР№ РїСѓСЃС‚, РІСЂРµРјСЏ: 0.50 СЃРµРє
2025-10-29 14:22:01,696 - INFO - Р—Р°РіСЂСѓР·РєР° РїСЂРµРґРјРµС‚РѕРІ РґР»СЏ Р“СЂРёРЅР±РѕРєСЃ 11 РІС‹РїРѕР»РЅРµРЅР° Р·Р° 0.00 СЃРµРє
2025-10-29 14:22:01,774 - INFO - РРЅРІРµРЅС‚Р°СЂСЊ РґР»СЏ Р“СЂРёРЅР±РѕРєСЃ 11 РїРѕРєР°Р·Р°РЅ Р·Р° 0.08 СЃРµРє
2025-10-29 14:22:56,224 - INFO - РџРѕР»СѓС‡РµРЅРёРµ СЃРѕР±С‹С‚РёР№ РІС‹РїРѕР»РЅРµРЅР° Р·Р° 0.00 СЃРµРє
2025-10-29 14:22:56,358 - INFO - РЎРїРёСЃРѕРє СЃРѕР±С‹С‚РёР№ РїСѓСЃС‚, РІСЂРµРјСЏ: 0.14 СЃРµРє
2025-10-29 14:23:04,219 - INFO - РџРѕР»СѓС‡РµРЅРёРµ СЃРѕР±С‹С‚РёР№ РІС‹РїРѕР»РЅРµРЅР° Р·Р° 0.00 СЃРµРє
2025-10-29 14:23:04,363 - INFO - РЎРїРёСЃРѕРє СЃРѕР±С‹С‚РёР№ РїСѓСЃС‚, РІСЂРµРјСЏ: 0.14 СЃРµРє
2025-10-29 14:36:54,140 - INFO - Р‘Р°Р·Р° РґР°РЅРЅС‹С… РёРЅРёС†РёР°Р»РёР·РёСЂРѕРІР°РЅР°
2025-10-29 14:36:54,140 - INFO - Р—Р°РіСЂСѓР¶РµРЅРѕ 1 Р°РґРјРёРЅРёСЃС‚СЂР°С‚РѕСЂРѕРІ
2025-10-29 14:45:57,487 - INFO - Р‘Р°Р·Р° РґР°РЅРЅС‹С… РёРЅРёС†РёР°Р»РёР·РёСЂРѕРІР°РЅР°
2025-10-29 14:45:57,488 - INFO - Р—Р°РіСЂСѓР¶РµРЅРѕ 1 Р°РґРјРёРЅРѕРІ. Р“Р»Р°РІРЅС‹Р№: None
2025-10-29 15:01:36,237 - INFO - Р‘Р°Р·Р° РґР°РЅРЅС‹С… РёРЅРёС†РёР°Р»РёР·РёСЂРѕРІР°РЅР°
2025-10-29 15:01:36,237 - INFO - Р—Р°РіСЂСѓР¶РµРЅРѕ 1 Р°РґРјРёРЅРѕРІ. Р“Р»Р°РІРЅС‹Р№: 1396277372
2025-10-29 15:02:30,270 - INFO - Р“Р»Р°РІРЅС‹Р№ Р°РґРјРёРЅ @nika09794 СѓРґР°Р»С‘РЅ
2025-10-29 15:05:53,753 - INFO - Р‘Р°Р·Р° РґР°РЅРЅС‹С… РёРЅРёС†РёР°Р»РёР·РёСЂРѕРІР°РЅР°
2025-10-29 15:14:30,275 - INFO - Р‘Р°Р·Р° РґР°РЅРЅС‹С… РёРЅРёС†РёР°Р»РёР·РёСЂРѕРІР°РЅР°
2025-10-29 15:14:30,275 - INFO - Р—Р°РіСЂСѓР¶РµРЅРѕ 0 Р°РґРјРёРЅРѕРІ
2025-10-29 15:15:05,646 - INFO - РђРґРјРёРЅ @nika09794 РґРѕР±Р°РІР»РµРЅ (РіР»Р°РІРЅС‹Р№: True)
2025-10-29 15:19:23,104 - INFO - Р‘Р°Р·Р° РґР°РЅРЅС‹С… РёРЅРёС†РёР°Р»РёР·РёСЂРѕРІР°РЅР°
2025-10-29 15:19:23,105 - INFO - Р—Р°РіСЂСѓР¶РµРЅРѕ 1 Р°РґРјРёРЅРёСЃС‚СЂР°С‚РѕСЂРѕРІ
2025-10-29 15:19:38,648 - INFO - РџРѕР»СѓС‡РµРЅРёРµ СЃРѕР±С‹С‚РёР№ РІС‹РїРѕР»РЅРµРЅР° Р·Р° 0.00 СЃРµРє
2025-10-29 15:19:38,736 - INFO - РЎРїРёСЃРѕРє СЃРѕР±С‹С‚РёР№ РїРѕРєР°Р·Р°РЅ Р·Р° 0.09 СЃРµРє
2025-10-29 15:19:57,842 - INFO - РђРґРјРёРЅРёСЃС‚СЂР°С‚РѕСЂ nika09794 СѓРґР°Р»РµРЅ
2025-10-29 15:20:19,028 - INFO - РђРґРјРёРЅРёСЃС‚СЂР°С‚РѕСЂ nika09794 СѓРґР°Р»РµРЅ
2025-10-30 12:36:20,695 - INFO - Р‘Р°Р·Р° РґР°РЅРЅС‹С… РёРЅРёС†РёР°Р»РёР·РёСЂРѕРІР°РЅР°
2025-10-30 12:36:20,696 - INFO - Р—Р°РіСЂСѓР¶РµРЅРѕ 1 Р°РґРјРёРЅРёСЃС‚СЂР°С‚РѕСЂРѕРІ
2025-10-30 12:39:18,038 - INFO - РџРѕР»СѓС‡РµРЅРёРµ СЃРѕР±С‹С‚РёР№ РІС‹РїРѕР»РЅРµРЅР° Р·Р° 0.00 СЃРµРє
2025-10-30 12:39:18,121 - INFO - РЎРїРёСЃРѕРє СЃРѕР±С‹С‚РёР№ РїРѕРєР°Р·Р°РЅ Р·Р° 0.08 СЃРµРє
